Extracting 7 PDFs → /Users/jayce/SP2026/Colloquium/Prototyping/twr/dataset/raw/_extracted

[1/7] Psychoanalytic_Diagnosis_-_Nancy_McWilli.pdf (2.0MB)
    25/408 pages (2s)
    50/408 pages (6s)
    75/408 pages (10s)
    100/408 pages (14s)
    125/408 pages (18s)
    150/408 pages (22s)
    175/408 pages (26s)
    200/408 pages (30s)
    225/408 pages (33s)
    250/408 pages (38s)
    275/408 pages (42s)
    300/408 pages (46s)
    325/408 pages (50s)
    350/408 pages (55s)
    375/408 pages (57s)
    400/408 pages (59s)
    408 pages in 59s → Psychoanalytic_Diagnosis_-_Nancy_McWilli.txt
[2/7] WisdomoftheEgo.pdf (9.3MB)
    25/1041 pages (1s)
    50/1041 pages (2s)
    75/1041 pages (2s)
    100/1041 pages (3s)
    125/1041 pages (3s)
    150/1041 pages (4s)
    175/1041 pages (4s)
    200/1041 pages (5s)
    225/1041 pages (5s)
    250/1041 pages (6s)
    275/1041 pages (9s)
    300/1041 pages (9s)
    325/1041 pages (10s)
    350/1041 pages (11s)
    375/1041 pages (11s)
    400/1041 pages (12s)
    425/1041 pages (13s)
    450/1041 pages (13s)
    475/1041 pages (14s)
    500/1041 pages (15s)
    525/1041 pages (15s)
    550/1041 pages (16s)
    575/1041 pages (17s)
    600/1041 pages (17s)
    625/1041 pages (18s)
    650/1041 pages (18s)
    675/1041 pages (19s)
    700/1041 pages (20s)
    725/1041 pages (20s)
    750/1041 pages (21s)
    775/1041 pages (22s)
    800/1041 pages (22s)
    825/1041 pages (23s)
    850/1041 pages (24s)
    875/1041 pages (24s)
    900/1041 pages (25s)
    925/1041 pages (26s)
    950/1041 pages (26s)
    975/1041 pages (27s)
    1000/1041 pages (27s)
    1025/1041 pages (28s)
    1041 pages in 28s → WisdomoftheEgo.txt
[3/7] Cramer-Understanding-Defense-Mechanisms (1).pdf (0.3MB)
    25/30 pages (3s)
    30 pages in 3s → Cramer-Understanding-Defense-Mechanisms (1).txt
[4/7] Preliminary-Reliability-and Validity-of-the DMRS-SR-30.pdf (0.4MB)
    11 pages in 1s → Preliminary-Reliability-and Validity-of-the DMRS-SR-30.txt
[5/7] The Defense Style Questionnaire 60 (DSQ-60).pdf (3.8MB)
    25/95 pages (1s)
    50/95 pages (2s)
    75/95 pages (3s)
    95 pages in 3s → The Defense Style Questionnaire 60 (DSQ-60).txt
[6/7] Psychotherapy Using_the_Defense_Mechanism_Rating_Scales.pdf (1.4MB)
    11 pages in 1s → Psychotherapy Using_the_Defense_Mechanism_Rating_Scales.txt
[7/7] Defenses in Everyday Life.pdf (0.3MB)
    19 pages in 1s → Defenses in Everyday Life.txt

Done in 1.6 min
