/Users/jayce/conda/lib/python3.12/site-packages/requests/__init__.py:113: RequestsDependencyWarning: urllib3 (2.3.0) or chardet (6.0.0.post1)/charset_normalizer (3.4.1) doesn't match a supported version!
  warnings.warn(
codebook: 28  choices: 200  vocab: 28 defs / 10 / 10 / 41
pending : 200

[   1/200] ✓ R1 room01_tv          ev0.0 CG → Isolation of Affect       (conf 0.82)
[   2/200] ✓ R1 room01_tv          ev0.1 AV → Isolation of Affect       (conf 0.78)
[   3/200] ✓ R1 room01_tv          ev0.2 AD → Repression                (conf 0.75)
[   4/200] ✓ R1 room01_tv          ev0.3 EX → Anticipation              (conf 0.78)
[   5/200] ✓ R1 calendar           ev0.0 AV → Isolation of Affect       (conf 0.75)
[   6/200] ✓ R1 calendar           ev0.1 CG → Intellectualization       (conf 0.78)
[   7/200] ✓ R1 calendar           ev0.2 AV → Denial                    (conf 0.85)
[   8/200] ✓ R1 calendar           ev0.3 EX → Isolation of Affect       (conf 0.72)
[   9/200] ✓ R1 room_01_box        ev0.0 AD → Intellectualization       (conf 0.75)
[  10/200] ✓ R1 room_01_box        ev0.1 CG → Isolation of Affect       (conf 0.82)
[  11/200] ✓ R1 room_01_box        ev0.2 AV → Denial                    (conf 0.85)
[  12/200] ✓ R1 cellphone          ev0.0 EX → Projection                (conf 0.75)
[  13/200] ✓ R1 cellphone          ev0.1 SP → Projection                (conf 0.85)
[  14/200] ✓ R1 cellphone          ev0.2 AD → Anticipation              (conf 0.75)
[  15/200] ✓ R1 cellphone          ev0.3 AV → Repression                (conf 0.78)
[  16/200] ✓ R1 room01_fan         ev0.0 SP → Projection                (conf 0.92)
[  17/200] ✓ R1 room01_fan         ev0.1 CG → Isolation of Affect       (conf 0.78)
[  18/200] ✓ R1 room01_fan         ev0.2 CG → Isolation of Affect       (conf 0.78)
[  19/200] ✓ R1 room01_fan         ev0.3 AV → Undoing                   (conf 0.82)
[  20/200] ✓ R1 candle             ev0.0 AD → Repression                (conf 0.75)
[  21/200] ✓ R1 candle             ev0.1 AD → Repression                (conf 0.75)
[  22/200] ✓ R1 candle             ev0.2 AV → Repression                (conf 0.85)
[  23/200] ✓ R1 candle             ev0.3 CG → Isolation of Affect       (conf 0.82)
[  24/200] ✓ R1 room01_diary       ev0.0 EX → Anticipation              (conf 0.72)
[  25/200] ✓ R1 room01_diary       ev0.1 EX → Anticipation              (conf 0.75)
[  26/200] ✓ R1 room01_diary       ev0.2 EX → Suppression               (conf 0.72)
[  27/200] ✓ R1 room01_diary       ev0.3 AV → ?                         (conf 0.85)
[  28/200] ✓ R1 room01_diary       ev1.0 CG → Isolation of Affect       (conf 0.82)
[  29/200] ✓ R1 room01_diary       ev1.1 AV → Denial                    (conf 0.85)
[  30/200] ✓ R1 room01_diary       ev1.2 SP → Projection                (conf 0.85)
[  31/200] ✓ R1 room01_diary       ev1.3 AV → Dissociation              (conf 0.85)
[  32/200] ✓ R1 room01_picturefram ev0.0 AV → Denial                    (conf 0.85)
[  33/200] ✓ R1 room01_picturefram ev0.1 CG → Repression                (conf 0.82)
[  34/200] ✓ R1 room01_picturefram ev0.2 SP → Projection                (conf 0.78)
[  35/200] ✓ R1 room01_picturefram ev0.3 CG → Intellectualization       (conf 0.82)
[  36/200] ✓ R1 room01_picturefram ev1.0 AD → Omnipotence               (conf 0.78)
[  37/200] ✓ R1 room01_picturefram ev1.1 AD → Idealization              (conf 0.78)
[  38/200] ✓ R1 room01_picturefram ev1.2 AV → Apathetic Withdrawal      (conf 0.82)
[  39/200] ✓ R1 room01_picturefram ev1.3 AV → Apathetic Withdrawal      (conf 0.82)
[  40/200] ✓ R2 classboard         ev0.0 EX → Undoing                   (conf 0.78)
[  41/200] ✓ R2 classboard         ev0.1 EX → Affiliation               (conf 0.78)
[  42/200] ✓ R2 classboard         ev0.2 AV → ?                         (conf 0.75)
[  43/200] ✓ R2 classboard         ev0.3 CG → Intellectualization       (conf 0.72)
[  44/200] ✓ R2 pinboard           ev0.0 AV → Isolation of Affect       (conf 0.78)
[  45/200] ✓ R2 pinboard           ev0.1 CG → Isolation of Affect       (conf 0.82)
[  46/200] ✓ R2 pinboard           ev0.2 EX → Anticipation              (conf 0.75)
[  47/200] ✓ R2 pinboard           ev0.3 AV → Isolation of Affect       (conf 0.78)
[  48/200] ✓ R2 schoolbus          ev0.0 EX → Self-Assertion            (conf 0.85)
[  49/200] ✓ R2 schoolbus          ev0.1 AV → ?                         (conf 0.85)
[  50/200] ✓ R2 schoolbus          ev0.2 CG → Intellectualization       (conf 0.78)
[  51/200] ✓ R2 schoolbus          ev0.3 AD → Passive Aggression        (conf 0.78)
[  52/200] ✓ R2 man                ev0.0 EX → Self-Assertion            (conf 0.75)
[  53/200] ✓ R2 man                ev0.1 AV → Apathetic Withdrawal      (conf 0.75)
[  54/200] ✓ R2 man                ev0.2 AV → Apathetic Withdrawal      (conf 0.82)
[  55/200] ✓ R2 man                ev0.3 AD → Repression                (conf 0.78)
[  56/200] ✓ R2 high_school_desk   ev0.0 AD → ?                         (conf 0.85)
[  57/200] ✓ R2 high_school_desk   ev0.1 EX → Self-Observation          (conf 0.72)
[  58/200] ✓ R2 high_school_desk   ev0.2 CG → Intellectualization       (conf 0.82)
[  59/200] ✓ R2 high_school_desk   ev0.3 AV → ?                         (conf 0.85)
[  60/200] ✓ R2 cabient            ev0.0 AV → Apathetic Withdrawal      (conf 0.82)
[  61/200] ✓ R2 cabient            ev0.1 CG → Isolation of Affect       (conf 0.78)
[  62/200] ✓ R2 cabient            ev0.2 SP → Projection                (conf 0.82)
[  63/200] ✓ R2 cabient            ev0.3 EX → Acting Out                (conf 0.85)
[  64/200] ✓ R2 mirror1            ev0.0 AD → Repression                (conf 0.78)
[  65/200] ✓ R2 mirror1            ev0.1 AV → Isolation of Affect       (conf 0.78)
[  66/200] ✓ R2 mirror1            ev0.2 AD → Repression                (conf 0.78)
[  67/200] ✓ R2 mirror1            ev0.3 AV → Denial                    (conf 0.82)
[  68/200] ✓ R2 mirror2            ev0.0 SP → Splitting                 (conf 0.85)
[  69/200] ✓ R2 mirror2            ev0.1 CG → Isolation of Affect       (conf 0.82)
[  70/200] ✓ R2 mirror2            ev0.2 SP → Dissociation              (conf 0.85)
[  71/200] ✓ R2 mirror2            ev0.3 AV → Isolation of Affect       (conf 0.82)
[  72/200] ✓ R2 mirror3            ev0.0 EX → Self-Observation          (conf 0.72)
[  73/200] ✓ R2 mirror3            ev0.1 AV → ?                         (conf 0.85)
[  74/200] ✓ R2 mirror3            ev0.2 SP → Dissociation              (conf 0.82)
[  75/200] ✓ R2 mirror3            ev0.3 AV → ?                         (conf 0.85)
[  76/200] ✓ R2 CCTV               ev0.0 AV → Denial                    (conf 0.85)
[  77/200] ✓ R2 CCTV               ev0.1 EX → ?                         (conf 0.78)
[  78/200] ✓ R2 CCTV               ev0.2 AV → Apathetic Withdrawal      (conf 0.75)
[  79/200] ✓ R2 CCTV               ev0.3 CG → Self-Observation          (conf 0.78)
[  80/200] ✓ R3 DisplayCaseExport  ev0.0 AV → Denial                    (conf 0.78)
[  81/200] ✓ R3 DisplayCaseExport  ev0.1 EX → Projection                (conf 0.75)
[  82/200] ✓ R3 DisplayCaseExport  ev0.2 AD → Denial                    (conf 0.82)
[  83/200] ✓ R3 DisplayCaseExport  ev0.3 AV → Denial                    (conf 0.82)
[  84/200] ✓ R3 banquet_chair_with ev0.0 AV → Apathetic Withdrawal      (conf 0.82)
[  85/200] ✓ R3 banquet_chair_with ev0.1 EX → Affiliation               (conf 0.82)
[  86/200] ✓ R3 banquet_chair_with ev0.2 CG → Isolation of Affect       (conf 0.78)
[  87/200] ✓ R3 banquet_chair_with ev0.3 AD → Help-Rejecting Complaining (conf 0.75)
[  88/200] ✓ R3 tall_speaker_2     ev0.0 AD → Affiliation               (conf 0.72)
[  89/200] ✓ R3 tall_speaker_2     ev0.1 CG → Isolation of Affect       (conf 0.72)
[  90/200] ✓ R3 tall_speaker_2     ev0.2 AV → Passive Aggression        (conf 0.75)
[  91/200] ✓ R3 tall_speaker_2     ev0.3 EX → Self-Observation          (conf 0.72)
[  92/200] ✓ R3 electric_door_key  ev0.0 AD → Displacement              (conf 0.78)
[  93/200] ✓ R3 electric_door_key  ev0.1 EX → Omnipotence               (conf 0.78)
[  94/200] ✓ R3 electric_door_key  ev0.2 SP → Projection                (conf 0.85)
[  95/200] ✓ R3 electric_door_key  ev0.3 AV → Apathetic Withdrawal      (conf 0.75)
[  96/200] ✓ R3 trophy             ev0.0 CG → Intellectualization       (conf 0.78)
[  97/200] ✓ R3 trophy             ev0.1 EX → Self-Assertion            (conf 0.78)
[  98/200] ✓ R3 trophy             ev0.2 AV → Isolation of Affect       (conf 0.75)
[  99/200] ✓ R3 trophy             ev0.3 AD → Undoing                   (conf 0.75)
[ 100/200] ✓ R3 microphone         ev0.0 EX → Self-Assertion            (conf 0.75)
[ 101/200] ✓ R3 microphone         ev0.1 AV → Omnipotence               (conf 0.82)
[ 102/200] ✓ R3 microphone         ev0.2 AD → Isolation of Affect       (conf 0.78)
[ 103/200] ✓ R3 microphone         ev0.3 CG → Isolation of Affect       (conf 0.78)
[ 104/200] ✓ R3 winner_podium      ev0.0 EX → Omnipotence               (conf 0.72)
[ 105/200] ✓ R3 winner_podium      ev0.1 AD → Devaluation               (conf 0.78)
[ 106/200] ✓ R3 winner_podium      ev0.2 AV → ?                         (conf 0.85)
[ 107/200] ✓ R3 winner_podium      ev0.3 AV → Passive Aggression        (conf 0.75)
[ 108/200] ✓ R3 winner_podium      ev1.0 EX → Omnipotence               (conf 0.78)
[ 109/200] ✓ R3 winner_podium      ev1.1 AD → Suppression               (conf 0.78)
[ 110/200] ✓ R3 winner_podium      ev1.2 CG → Isolation of Affect       (conf 0.78)
[ 111/200] ✓ R3 winner_podium      ev1.3 SP → Projection                (conf 0.82)
[ 112/200] ✓ R3 winner_podium      ev2.0 SP → Projection                (conf 0.85)
[ 113/200] ✓ R3 winner_podium      ev2.1 SP → Projection                (conf 0.92)
[ 114/200] ✓ R3 winner_podium      ev2.2 AV → Isolation of Affect       (conf 0.78)
[ 115/200] ✓ R3 winner_podium      ev2.3 AD → Denial                    (conf 0.78)
[ 116/200] · R4 poster_art         ev0.0 AD → Suppression               (conf 0.15)
[ 117/200] · R4 poster_family      ev0.0 AD → Suppression               (conf 0.30)
[ 118/200] · R4 poster_psychologic ev0.0 CG → Isolation of Affect       (conf 0.20)
[ 119/200] ✓ R4 poster_comic       ev0.0 AV → ?                         (conf 0.75)
[ 120/200] ✓ R4 poster_relational  ev0.0 EX → Apathetic Withdrawal      (conf 0.75)
[ 121/200] ✓ R4 elevator_door      ev0.0 EX → Denial                    (conf 0.78)
[ 122/200] ✓ R4 elevator_door      ev0.1 AD → Suppression               (conf 0.78)
[ 123/200] ✓ R4 elevator_door      ev0.2 AV → Denial                    (conf 0.72)
[ 124/200] ✓ R4 elevator_door      ev0.3 SP → Omnipotence               (conf 0.78)
[ 125/200] ✓ R4 elevator_door      ev1.0 EX → Affiliation               (conf 0.82)
[ 126/200] ✓ R4 elevator_door      ev1.1 AV → Apathetic Withdrawal      (conf 0.82)
[ 127/200] ✓ R4 elevator_door      ev1.2 SP → Affiliation               (conf 0.72)
[ 128/200] ✓ R4 elevator_door      ev2.0 AD → Apathetic Withdrawal      (conf 0.72)
[ 129/200] ✓ R4 elevator_door      ev2.1 AV → Apathetic Withdrawal      (conf 0.72)
[ 130/200] ✓ R4 elevator_door      ev3.0 SP → Anticipation              (conf 0.75)
[ 131/200] ✓ R4 elevator_door      ev3.1 EX → Projection                (conf 0.72)
[ 132/200] ✓ R4 elevator_door      ev3.2 AV → Apathetic Withdrawal      (conf 0.82)
[ 133/200] ✓ R4 elevator_door      ev3.3 AV → Apathetic Withdrawal      (conf 0.85)
[ 134/200] ✓ R4 elevator_door      ev4.0 AD → Isolation of Affect       (conf 0.78)
[ 135/200] ✓ R4 elevator_door      ev4.1 EX → Reaction Formation        (conf 0.78)
[ 136/200] ✓ R4 elevator_door      ev4.2 CG → Isolation of Affect       (conf 0.78)
[ 137/200] ✓ R4 elevator_door      ev4.3 AV → Apathetic Withdrawal      (conf 0.85)
[ 138/200] ✓ R4 elevator_door      ev5.0 CG → Isolation of Affect       (conf 0.82)
[ 139/200] ✓ R4 elevator_door      ev5.1 EX → Anticipation              (conf 0.72)
[ 140/200] ✓ R4 elevator_door      ev5.2 SP → Projection                (conf 0.75)
[ 141/200] ✓ R4 elevator_door      ev5.3 AV → Denial                    (conf 0.85)
[ 142/200] ✓ R5 statue             ev0.0 AD → Anticipation              (conf 0.78)
[ 143/200] ✓ R5 statue             ev0.1 AV → Isolation of Affect       (conf 0.78)
[ 144/200] ✓ R5 statue             ev0.2 CG → Isolation of Affect       (conf 0.82)
[ 145/200] ✓ R5 statue             ev0.3 AV → ?                         (conf 0.85)
[ 146/200] ✓ R5 coushion           ev0.0 AV → ?                         (conf 0.75)
[ 147/200] ✓ R5 coushion           ev0.1 AD → Affiliation               (conf 0.72)
[ 148/200] ✓ R5 coushion           ev0.2 AV → Apathetic Withdrawal      (conf 0.75)
[ 149/200] ✓ R5 table_chair        ev0.0 AD → Repression                (conf 0.78)
[ 150/200] ✓ R5 table_chair        ev0.1 AV → Isolation of Affect       (conf 0.78)
[ 151/200] ✓ R5 table_chair        ev0.2 SP → Anticipation              (conf 0.72)
[ 152/200] ✓ R5 table_chair        ev0.3 AV → Isolation of Affect       (conf 0.78)
[ 153/200] ✓ R5 table_chair        ev0.4 AV → Apathetic Withdrawal      (conf 0.82)
[ 154/200] ✓ R5 table_chair        ev1.0 EX → Undoing                   (conf 0.78)
[ 155/200] ✓ R5 table_chair        ev1.1 SP → Projection                (conf 0.78)
[ 156/200] ✓ R5 table_chair        ev1.2 AV → Isolation of Affect       (conf 0.82)
[ 157/200] ✓ R5 table_chair        ev1.3 AD → Suppression               (conf 0.78)
[ 158/200] ✓ R5 coat_rack          ev0.0 AD → Suppression               (conf 0.72)
[ 159/200] ✓ R5 coat_rack          ev0.1 AV → Apathetic Withdrawal      (conf 0.78)
[ 160/200] ✓ R5 coat_rack          ev0.2 CG → Rationalization           (conf 0.72)
[ 161/200] ✓ R5 coat_rack          ev0.3 EX → Acting Out                (conf 0.82)
[ 162/200] ✓ R5 bag                ev0.0 EX → Self-Observation          (conf 0.75)
[ 163/200] ✓ R5 bag                ev0.1 AV → Isolation of Affect       (conf 0.75)
[ 164/200] ✓ R5 bag                ev0.2 AD → Isolation of Affect       (conf 0.78)
[ 165/200] ✓ R5 bag                ev0.3 SP → Intellectualization       (conf 0.75)
[ 166/200] ✓ R5 furniture_pack     ev0.0 EX → Self-Assertion            (conf 0.78)
[ 167/200] ✓ R5 furniture_pack     ev0.1 AD → Intellectualization       (conf 0.72)
[ 168/200] ✓ R5 furniture_pack     ev0.2 AV → Anticipation              (conf 0.72)
[ 169/200] ✓ R5 furniture_pack     ev0.3 AV → Passive Aggression        (conf 0.75)
[ 170/200] ✓ R5 furniture_pack     ev1.0 CG → Isolation of Affect       (conf 0.82)
[ 171/200] ✓ R5 furniture_pack     ev1.1 AD → Denial                    (conf 0.78)
[ 172/200] ✓ R5 furniture_pack     ev1.2 CG → Isolation of Affect       (conf 0.78)
[ 173/200] ✓ R5 furniture_pack     ev1.3 AV → Denial                    (conf 0.85)
[ 174/200] ✓ R5 furniture_pack     ev2.0 AD → Suppression               (conf 0.72)
[ 175/200] ✓ R5 furniture_pack     ev2.1 AV → Apathetic Withdrawal      (conf 0.75)
[ 176/200] ✓ R5 furniture_pack     ev2.2 AV → Apathetic Withdrawal      (conf 0.85)
[ 177/200] ✓ R5 furniture_pack     ev2.3 SP → Projection                (conf 0.82)
[ 178/200] ✓ R1 room_entry         ev0.0 EX → Anticipation              (conf 0.75)
[ 179/200] ✓ R1 room_entry         ev0.1 EX → Self-Observation          (conf 0.75)
[ 180/200] ✓ R1 room_entry         ev0.2 EX → Self-Observation          (conf 0.72)
[ 181/200] ✓ R1 room_entry         ev0.3 AV → Apathetic Withdrawal      (conf 0.75)
[ 182/200] ✓ R3 room_entry         ev0.0 AD → Isolation of Affect       (conf 0.75)
[ 183/200] ✓ R3 room_entry         ev0.1 CG → Isolation of Affect       (conf 0.78)
[ 184/200] ✓ R3 room_entry         ev0.2 AV → Denial                    (conf 0.85)
[ 185/200] ✓ R3 room_entry         ev0.3 AV → Denial                    (conf 0.78)
[ 186/200] ✓ R3 room_entry         ev0.4 SP → Isolation of Affect       (conf 0.72)
[ 187/200] ✓ R3 room_entry         ev1.0 EX → Affiliation               (conf 0.85)
[ 188/200] ✓ R3 room_entry         ev1.1 AV → Displacement              (conf 0.78)
[ 189/200] ✓ R3 room_entry         ev1.2 CG → Intellectualization       (conf 0.75)
[ 190/200] ✓ R3 room_entry         ev1.3 SP → Projection                (conf 0.75)
[ 191/200] ✓ R4 room_entry         ev0.0 EX → Anticipation              (conf 0.72)
[ 192/200] ✓ R4 room_entry         ev0.1 AV → Apathetic Withdrawal      (conf 0.72)
[ 193/200] ✓ R4 room_entry         ev0.2 EX → Anticipation              (conf 0.72)
[ 194/200] ✓ R4 room_entry         ev0.3 SP → Projection                (conf 0.72)
[ 195/200] ✓ R4 room_entry         ev1.0 EX → Self-Observation          (conf 0.78)
[ 196/200] ✓ R5 room_entry         ev0.0 AD → Suppression               (conf 0.72)
[ 197/200] ✓ R5 room_entry         ev0.1 AD → Intellectualization       (conf 0.78)
[ 198/200] ✓ R5 room_entry         ev0.2 AV → Isolation of Affect       (conf 0.78)
[ 199/200] ✓ R5 room_entry         ev0.3 AD → Repression                (conf 0.78)
[ 200/200] ✓ R5 room_entry         ev0.4 SP → Isolation of Affect       (conf 0.75)

=== DONE === new:200 cost:$1.842 time:22.1m
tokens — in:67,044  cache_w:0  cache_r:2,682,600  out:55,718
saved: /Users/jayce/SP2026/Colloquium/Prototyping/twr/dataset/processed/choices_labeled.json
