/Users/jayce/conda/lib/python3.12/site-packages/requests/__init__.py:113: RequestsDependencyWarning: urllib3 (2.3.0) or chardet (6.0.0.post1)/charset_normalizer (3.4.1) doesn't match a supported version!
  warnings.warn(
codebook: 28  chunks: 654  vocab: 28 defs / 10 / 10 / 41
resume  : 367 done (re-queueing 64 error/null rows for retry)
pending : 287

[ 368/654] ✓ WisdomoftheEgo                 #   6 → Denial                      (conf 0.92)
[ 369/654] ✓ WisdomoftheEgo                 #  11 → Projection                  (conf 0.95)
[ 370/654] ✓ WisdomoftheEgo                 #  13 → Projection                  (conf 0.95)
[ 371/654] ✓ WisdomoftheEgo                 #  20 → Humor                       (conf 0.95)
[ 372/654] ✓ WisdomoftheEgo                 #  27 → Sublimation                 (conf 0.95)
[ 373/654] ✓ WisdomoftheEgo                 #  32 → Repression                  (conf 0.95)
[ 374/654] ✓ WisdomoftheEgo                 #  43 → Projection                  (conf 0.85)
[ 375/654] · WisdomoftheEgo                 #  49 → ?                           (conf 0.00)
[ 376/654] ✓ WisdomoftheEgo                 #  51 → Projection                  (conf 0.85)
[ 377/654] ✓ WisdomoftheEgo                 #  70 → Splitting                   (conf 0.75)
[ 378/654] ✓ WisdomoftheEgo                 #  72 → Projection                  (conf 0.92)
[ 379/654] ✓ WisdomoftheEgo                 #  90 → Projection                  (conf 0.95)
[ 380/654] ✓ WisdomoftheEgo                 # 104 → Sublimation                 (conf 0.85)
[ 381/654] · WisdomoftheEgo                 # 109 → Displacement                (conf 0.00)
[ 382/654] ✓ Psychoanalytic_Diagnosis_-_Nan #  11 → Projection                  (conf 0.85)
[ 383/654] ✓ Psychoanalytic_Diagnosis_-_Nan #  13 → Devaluation                 (conf 0.92)
[ 384/654] ✓ Psychoanalytic_Diagnosis_-_Nan #  15 → Omnipotence                 (conf 0.88)
[ 385/654] ✓ Psychoanalytic_Diagnosis_-_Nan #  16 → Denial                      (conf 0.92)
[ 386/654] ✓ Psychoanalytic_Diagnosis_-_Nan #  29 → Idealization                (conf 0.95)
[ 387/654] ✓ Psychoanalytic_Diagnosis_-_Nan #  32 → Splitting                   (conf 0.95)
  FAIL Psychoanalytic_Diagnosis_-_Nancy_McWilli #46: Request timed out or interrupted. This could be due to a network timeout, dropped connection, or request cancellation. S
  FAIL Psychoanalytic_Diagnosis_-_Nancy_McWilli #60: Request timed out or interrupted. This could be due to a network timeout, dropped connection, or request cancellation. S
  FAIL Psychoanalytic_Diagnosis_-_Nancy_McWilli #68: Request timed out or interrupted. This could be due to a network timeout, dropped connection, or request cancellation. S
  FAIL Psychoanalytic_Diagnosis_-_Nancy_McWilli #73: Request timed out or interrupted. This could be due to a network timeout, dropped connection, or request cancellation. S
  FAIL Psychoanalytic_Diagnosis_-_Nancy_McWilli #74: Request timed out or interrupted. This could be due to a network timeout, dropped connection, or request cancellation. S
  FAIL Psychoanalytic_Diagnosis_-_Nancy_McWilli #75: Connection error.
[ 394/654] ✓ Psychoanalytic_Diagnosis_-_Nan #  76 → Omnipotence                 (conf 0.85)
[ 395/654] ✓ Psychoanalytic_Diagnosis_-_Nan #  82 → Idealization                (conf 0.92)
[ 396/654] ✓ Psychoanalytic_Diagnosis_-_Nan #  83 → Denial                      (conf 0.85)
[ 397/654] ✓ Psychoanalytic_Diagnosis_-_Nan #  85 → Altruism                    (conf 0.95)
[ 398/654] ✓ Psychoanalytic_Diagnosis_-_Nan #  86 → Idealization                (conf 0.85)
[ 399/654] ✓ Psychoanalytic_Diagnosis_-_Nan #  92 → Denial                      (conf 0.88)
[ 400/654] ✓ Psychoanalytic_Diagnosis_-_Nan #  93 → Denial                      (conf 0.85)
[ 401/654] ✓ Psychoanalytic_Diagnosis_-_Nan # 100 → Acting Out                  (conf 0.85)
[ 402/654] ✓ Psychoanalytic_Diagnosis_-_Nan # 103 → Acting Out                  (conf 0.92)
[ 403/654] ✓ Psychoanalytic_Diagnosis_-_Nan # 131 → Acting Out                  (conf 0.85)
[ 404/654] · Psychoanalytic_Diagnosis_-_Nan # 139 → Dissociation                (conf 0.95)
[ 405/654] ✓ Psychoanalytic_Diagnosis_-_Nan # 141 → Dissociation                (conf 0.92)
[ 406/654] ✓ Psychoanalytic_Diagnosis_-_Nan # 142 → Dissociation                (conf 0.95)
[ 407/654] ✓ Psychoanalytic_Diagnosis_-_Nan # 143 → Dissociation                (conf 0.95)
[ 408/654] ✓ Psychoanalytic_Diagnosis_-_Nan # 146 → Dissociation                (conf 0.95)
[ 409/654] ✓ Psychoanalytic_Diagnosis_-_Nan # 147 → Dissociation                (conf 0.92)
[ 410/654] ✓ Psychoanalytic_Diagnosis_-_Nan # 151 → Dissociation                (conf 0.92)
[ 411/654] · Psychoanalytic_Diagnosis_-_Nan # 155 → Dissociation                (conf 0.00)
[ 412/654] · Psychoanalytic_Diagnosis_-_Nan # 160 → Repression                  (conf 0.00)
[ 413/654] · Psychoanalytic_Diagnosis_-_Nan # 161 → ?                           (conf 1.00)
[ 414/654] ✓ Adaptation_to_life             #   5 → Dissociation                (conf 0.92)
[ 415/654] ✓ Adaptation_to_life             #   6 → Dissociation                (conf 0.85)
[ 416/654] · Adaptation_to_life             #  20 → Intellectualization         (conf 0.30)
[ 417/654] ✓ Adaptation_to_life             #  22 → Denial                      (conf 0.92)
[ 418/654] ✓ Adaptation_to_life             #  24 → Denial                      (conf 0.85)
[ 419/654] ✓ Adaptation_to_life             #  32 → Sublimation                 (conf 0.92)
[ 420/654] ✓ Adaptation_to_life             #  33 → Sublimation                 (conf 0.95)
[ 421/654] ✓ Adaptation_to_life             #  35 → Sublimation                 (conf 0.92)
[ 422/654] ✓ Adaptation_to_life             #  41 → Altruism                    (conf 0.95)
[ 423/654] ✓ Adaptation_to_life             #  47 → Humor                       (conf 0.92)
[ 424/654] ✓ Adaptation_to_life             #  48 → Suppression                 (conf 0.95)
[ 425/654] ✓ Adaptation_to_life             #  50 → Suppression                 (conf 0.88)
[ 426/654] ✓ Adaptation_to_life             #  51 → Suppression                 (conf 0.95)
[ 427/654] ✓ Adaptation_to_life             #  57 → Suppression                 (conf 0.88)
[ 428/654] ✓ Adaptation_to_life             #  78 → Sublimation                 (conf 0.92)
[ 429/654] ✓ Adaptation_to_life             # 123 → Projection                  (conf 0.85)
[ 430/654] ✓ Adaptation_to_life             # 135 → Denial                      (conf 0.85)
[ 431/654] ✓ Adaptation_to_life             # 136 → Undoing                     (conf 0.85)
[ 432/654] ✓ Adaptation_to_life             # 137 → Sublimation                 (conf 0.92)
[ 433/654] · Adaptation_to_life             # 138 → Altruism                    (conf 0.20)
[ 434/654] · Adaptation_to_life             # 139 → Suppression                 (conf 0.00)
[ 435/654] ✓ Adaptation_to_life             # 140 → Suppression                 (conf 0.85)
[ 436/654] · Adaptation_to_life             # 141 → Suppression                 (conf 0.30)
[ 437/654] · Adaptation_to_life             # 142 → Humor                       (conf 0.20)
[ 438/654] ✓ Adaptation_to_life             # 143 → Sublimation                 (conf 0.92)
[ 439/654] · Adaptation_to_life             # 144 → Denial                      (conf 0.00)
[ 440/654] · Adaptation_to_life             # 145 → Intellectualization         (conf 0.00)
[ 441/654] ✓ Adaptation_to_life             # 146 → Sublimation                 (conf 0.85)
[ 442/654] · Adaptation_to_life             # 147 → Intellectualization         (conf 0.00)
[ 443/654] · psychodynamic-psychiatry-in-cl #   0 → Splitting                   (conf 0.00)
[ 444/654] ✓ psychodynamic-psychiatry-in-cl #   1 → Repression                  (conf 0.95)
[ 445/654] · psychodynamic-psychiatry-in-cl #   2 → Repression                  (conf 0.30)
[ 446/654] ✓ psychodynamic-psychiatry-in-cl #   3 → Projection                  (conf 0.95)
[ 447/654] · psychodynamic-psychiatry-in-cl #   4 → Intellectualization         (conf 0.30)
[ 448/654] · psychodynamic-psychiatry-in-cl #   5 → Splitting                   (conf 0.30)
[ 449/654] ✓ psychodynamic-psychiatry-in-cl #   6 → Splitting                   (conf 0.95)
[ 450/654] ✓ psychodynamic-psychiatry-in-cl #   7 → Splitting                   (conf 0.95)
[ 451/654] ✓ psychodynamic-psychiatry-in-cl #   8 → Projective Identification   (conf 0.95)
[ 452/654] ✓ psychodynamic-psychiatry-in-cl #   9 → Idealization                (conf 0.92)
[ 453/654] · psychodynamic-psychiatry-in-cl #  10 → Affiliation                 (conf 0.00)
[ 454/654] · psychodynamic-psychiatry-in-cl #  11 → Altruism                    (conf 0.00)
[ 455/654] · psychodynamic-psychiatry-in-cl #  12 → Projective Identification   (conf 0.00)
[ 456/654] · psychodynamic-psychiatry-in-cl #  13 → Splitting                   (conf 0.00)
[ 457/654] · psychodynamic-psychiatry-in-cl #  14 → Projective Identification   (conf 0.00)
[ 458/654] · psychodynamic-psychiatry-in-cl #  15 → Projection                  (conf 0.00)
[ 459/654] · psychodynamic-psychiatry-in-cl #  16 → Projective Identification   (conf 0.00)
[ 460/654] · psychodynamic-psychiatry-in-cl #  17 → Projective Identification   (conf 0.00)
[ 461/654] ✓ psychodynamic-psychiatry-in-cl #  18 → Self-Observation            (conf 0.92)
[ 462/654] ✓ psychodynamic-psychiatry-in-cl #  19 → Isolation of Affect         (conf 0.85)
[ 463/654] · psychodynamic-psychiatry-in-cl #  20 → Suppression                 (conf 0.00)
[ 464/654] ✓ psychodynamic-psychiatry-in-cl #  21 → Denial                      (conf 0.92)
[ 465/654] · psychodynamic-psychiatry-in-cl #  22 → Projective Identification   (conf 0.00)
[ 466/654] ✓ psychodynamic-psychiatry-in-cl #  23 → Acting Out                  (conf 0.85)
[ 467/654] · psychodynamic-psychiatry-in-cl #  24 → Acting Out                  (conf 0.00)
[ 468/654] · psychodynamic-psychiatry-in-cl #  25 → Acting Out                  (conf 0.00)
[ 469/654] · psychodynamic-psychiatry-in-cl #  26 → Self-Observation            (conf 0.00)
[ 470/654] ✓ psychodynamic-psychiatry-in-cl #  27 → Projective Identification   (conf 0.95)
[ 471/654] · psychodynamic-psychiatry-in-cl #  28 → Acting Out                  (conf 0.00)
[ 472/654] ✓ psychodynamic-psychiatry-in-cl #  29 → Projection                  (conf 0.85)
[ 473/654] ✓ psychodynamic-psychiatry-in-cl #  30 → Acting Out                  (conf 0.85)
[ 474/654] ✓ psychodynamic-psychiatry-in-cl #  31 → Projective Identification   (conf 0.95)
[ 475/654] ✓ psychodynamic-psychiatry-in-cl #  32 → Projective Identification   (conf 0.95)
[ 476/654] · psychodynamic-psychiatry-in-cl #  33 → Projective Identification   (conf 0.30)
[ 477/654] ✓ psychodynamic-psychiatry-in-cl #  34 → Denial                      (conf 0.92)
[ 478/654] · psychodynamic-psychiatry-in-cl #  35 → Projective Identification   (conf 0.00)
[ 479/654] · psychodynamic-psychiatry-in-cl #  36 → Projective Identification   (conf 0.00)
[ 480/654] · psychodynamic-psychiatry-in-cl #  37 → Acting Out                  (conf 0.00)
[ 481/654] ✓ psychodynamic-psychiatry-in-cl #  38 → Sublimation                 (conf 0.92)
[ 482/654] ✓ psychodynamic-psychiatry-in-cl #  39 → Projective Identification   (conf 0.95)
[ 483/654] ✓ psychodynamic-psychiatry-in-cl #  40 → Projective Identification   (conf 0.95)
[ 484/654] ✓ psychodynamic-psychiatry-in-cl #  41 → Projective Identification   (conf 0.95)
[ 485/654] ✓ psychodynamic-psychiatry-in-cl #  42 → Splitting                   (conf 0.95)
[ 486/654] ✓ psychodynamic-psychiatry-in-cl #  43 → Acting Out                  (conf 0.92)
[ 487/654] ✓ psychodynamic-psychiatry-in-cl #  44 → Splitting                   (conf 0.92)
[ 488/654] ✓ psychodynamic-psychiatry-in-cl #  45 → Splitting                   (conf 0.95)
[ 489/654] · psychodynamic-psychiatry-in-cl #  46 → Splitting                   (conf 0.00)
[ 490/654] · psychodynamic-psychiatry-in-cl #  47 → Splitting                   (conf 0.00)
[ 491/654] · psychodynamic-psychiatry-in-cl #  48 → Projective Identification   (conf 0.00)
[ 492/654] · psychodynamic-psychiatry-in-cl #  49 → Apathetic Withdrawal        (conf 0.30)
[ 493/654] · psychodynamic-psychiatry-in-cl #  50 → Denial                      (conf 0.00)
[ 494/654] ✓ psychodynamic-psychiatry-in-cl #  51 → Denial                      (conf 0.85)
[ 495/654] ✓ psychodynamic-psychiatry-in-cl #  52 → Omnipotence                 (conf 0.85)
[ 496/654] ✓ psychodynamic-psychiatry-in-cl #  53 → Denial                      (conf 0.92)
[ 497/654] ✓ psychodynamic-psychiatry-in-cl #  54 → Denial                      (conf 0.92)
[ 498/654] ✓ psychodynamic-psychiatry-in-cl #  55 → Projection                  (conf 0.95)
[ 499/654] ✓ psychodynamic-psychiatry-in-cl #  56 → ?                           (conf 0.85)
[ 500/654] · psychodynamic-psychiatry-in-cl #  57 → Denial                      (conf 0.00)
[ 501/654] ✓ psychodynamic-psychiatry-in-cl #  58 → Omnipotence                 (conf 0.88)
[ 502/654] · psychodynamic-psychiatry-in-cl #  59 → Idealization                (conf 0.00)
[ 503/654] ✓ psychodynamic-psychiatry-in-cl #  60 → Intellectualization         (conf 0.75)
[ 504/654] ✓ psychodynamic-psychiatry-in-cl #  61 → Splitting                   (conf 0.92)
[ 505/654] ✓ psychodynamic-psychiatry-in-cl #  62 → Acting Out                  (conf 0.75)
[ 506/654] ✓ psychodynamic-psychiatry-in-cl #  63 → Help-Rejecting Complaining  (conf 0.95)
[ 507/654] ✓ psychodynamic-psychiatry-in-cl #  64 → Reaction Formation          (conf 0.92)
[ 508/654] · psychodynamic-psychiatry-in-cl #  65 → Repression                  (conf 0.95)
[ 509/654] ✓ psychodynamic-psychiatry-in-cl #  66 → Reaction Formation          (conf 0.85)
[ 510/654] ✓ psychodynamic-psychiatry-in-cl #  67 → Displacement                (conf 0.92)
[ 511/654] · psychodynamic-psychiatry-in-cl #  68 → Dissociation                (conf 0.00)
[ 512/654] · psychodynamic-psychiatry-in-cl #  69 → Dissociation                (conf 0.00)
[ 513/654] ✓ psychodynamic-psychiatry-in-cl #  70 → Dissociation                (conf 0.92)
[ 514/654] ✓ psychodynamic-psychiatry-in-cl #  71 → Dissociation                (conf 0.92)
[ 515/654] ✓ psychodynamic-psychiatry-in-cl #  72 → Dissociation                (conf 0.95)
[ 516/654] ✓ psychodynamic-psychiatry-in-cl #  73 → Dissociation                (conf 0.95)
[ 517/654] · psychodynamic-psychiatry-in-cl #  74 → Dissociation                (conf 0.00)
[ 518/654] ✓ psychodynamic-psychiatry-in-cl #  75 → Dissociation                (conf 0.92)
[ 519/654] · psychodynamic-psychiatry-in-cl #  76 → Dissociation                (conf 0.00)
[ 520/654] ✓ psychodynamic-psychiatry-in-cl #  77 → Projection                  (conf 0.85)
[ 521/654] ✓ psychodynamic-psychiatry-in-cl #  78 → Projective Identification   (conf 0.92)
[ 522/654] · psychodynamic-psychiatry-in-cl #  79 → ?                           (conf 0.00)
[ 523/654] · psychodynamic-psychiatry-in-cl #  80 → Dissociation                (conf 0.00)
[ 524/654] · psychodynamic-psychiatry-in-cl #  81 → Dissociation                (conf 0.00)
[ 525/654] · psychodynamic-psychiatry-in-cl #  82 → Dissociation                (conf 0.00)
[ 526/654] · psychodynamic-psychiatry-in-cl #  83 → ?                           (conf 0.00)
[ 527/654] ✓ psychodynamic-psychiatry-in-cl #  84 → Displacement                (conf 0.92)
[ 528/654] ✓ psychodynamic-psychiatry-in-cl #  85 → Acting Out                  (conf 0.85)
[ 529/654] ✓ psychodynamic-psychiatry-in-cl #  86 → Acting Out                  (conf 0.85)
[ 530/654] ✓ psychodynamic-psychiatry-in-cl #  87 → Displacement                (conf 0.92)
[ 531/654] ✓ psychodynamic-psychiatry-in-cl #  88 → Denial                      (conf 0.85)
[ 532/654] · psychodynamic-psychiatry-in-cl #  89 → Suppression                 (conf 0.00)
[ 533/654] ✓ psychodynamic-psychiatry-in-cl #  90 → Denial                      (conf 0.88)
[ 534/654] ✓ psychodynamic-psychiatry-in-cl #  91 → Acting Out                  (conf 0.92)
[ 535/654] ✓ psychodynamic-psychiatry-in-cl #  92 → Denial                      (conf 0.88)
[ 536/654] ✓ psychodynamic-psychiatry-in-cl #  93 → Anticipation                (conf 0.92)
[ 537/654] ✓ psychodynamic-psychiatry-in-cl #  94 → Projective Identification   (conf 0.92)
[ 538/654] · psychodynamic-psychiatry-in-cl #  95 → Splitting                   (conf 0.00)
[ 539/654] ✓ psychodynamic-psychiatry-in-cl #  96 → Splitting                   (conf 0.88)
[ 540/654] ✓ psychodynamic-psychiatry-in-cl #  97 → Dissociation                (conf 0.85)
[ 541/654] ✓ psychodynamic-psychiatry-in-cl #  98 → Projective Identification   (conf 0.85)
[ 542/654] ✓ psychodynamic-psychiatry-in-cl #  99 → Denial                      (conf 0.82)
[ 543/654] ✓ psychodynamic-psychiatry-in-cl # 100 → Splitting                   (conf 0.92)
[ 544/654] ✓ psychodynamic-psychiatry-in-cl # 101 → Projective Identification   (conf 0.95)
[ 545/654] · psychodynamic-psychiatry-in-cl # 102 → Dissociation                (conf 0.00)
[ 546/654] ✓ psychodynamic-psychiatry-in-cl # 103 → Denial                      (conf 0.85)
[ 547/654] ✓ psychodynamic-psychiatry-in-cl # 104 → Denial                      (conf 0.92)
[ 548/654] ✓ psychodynamic-psychiatry-in-cl # 105 → Denial                      (conf 0.92)
[ 549/654] ✓ psychodynamic-psychiatry-in-cl # 106 → Denial                      (conf 0.85)
[ 550/654] ✓ psychodynamic-psychiatry-in-cl # 107 → Splitting                   (conf 0.95)
[ 551/654] ✓ psychodynamic-psychiatry-in-cl # 108 → Projective Identification   (conf 0.95)
[ 552/654] ✓ psychodynamic-psychiatry-in-cl # 109 → Projective Identification   (conf 0.95)
[ 553/654] ✓ psychodynamic-psychiatry-in-cl # 110 → Projection                  (conf 0.92)
[ 554/654] ✓ psychodynamic-psychiatry-in-cl # 111 → Devaluation                 (conf 0.95)
[ 555/654] ✓ psychodynamic-psychiatry-in-cl # 112 → Denial                      (conf 0.92)
[ 556/654] ✓ psychodynamic-psychiatry-in-cl # 113 → Apathetic Withdrawal        (conf 0.92)
[ 557/654] ✓ psychodynamic-psychiatry-in-cl # 114 → Projective Identification   (conf 0.92)
[ 558/654] ✓ psychodynamic-psychiatry-in-cl # 115 → Apathetic Withdrawal        (conf 0.92)
[ 559/654] · psychodynamic-psychiatry-in-cl # 116 → Projective Identification   (conf 0.00)
[ 560/654] ✓ psychodynamic-psychiatry-in-cl # 117 → Splitting                   (conf 0.95)
[ 561/654] · psychodynamic-psychiatry-in-cl # 118 → Splitting                   (conf 0.00)
[ 562/654] ✓ psychodynamic-psychiatry-in-cl # 119 → Projective Identification   (conf 0.95)
[ 563/654] · psychodynamic-psychiatry-in-cl # 120 → Splitting                   (conf 0.00)
[ 564/654] ✓ psychodynamic-psychiatry-in-cl # 121 → Projective Identification   (conf 0.95)
[ 565/654] ✓ psychodynamic-psychiatry-in-cl # 122 → Projective Identification   (conf 0.92)
[ 566/654] · psychodynamic-psychiatry-in-cl # 123 → Acting Out                  (conf 0.00)
[ 567/654] ✓ psychodynamic-psychiatry-in-cl # 124 → Splitting                   (conf 0.85)
[ 568/654] ✓ psychodynamic-psychiatry-in-cl # 125 → Splitting                   (conf 0.92)
[ 569/654] ✓ psychodynamic-psychiatry-in-cl # 126 → Acting Out                  (conf 0.85)
[ 570/654] ✓ psychodynamic-psychiatry-in-cl # 127 → Projective Identification   (conf 0.92)
[ 571/654] · psychodynamic-psychiatry-in-cl # 128 → Splitting                   (conf 0.30)
[ 572/654] · psychodynamic-psychiatry-in-cl # 129 → Splitting                   (conf 0.00)
[ 573/654] · psychodynamic-psychiatry-in-cl # 130 → Splitting                   (conf 0.00)
[ 574/654] · psychodynamic-psychiatry-in-cl # 131 → Idealization                (conf 0.30)
[ 575/654] · psychodynamic-psychiatry-in-cl # 132 → Splitting                   (conf 0.00)
[ 576/654] ✓ psychodynamic-psychiatry-in-cl # 133 → Devaluation                 (conf 0.92)
[ 577/654] · psychodynamic-psychiatry-in-cl # 134 → Idealization                (conf 0.00)
[ 578/654] ✓ psychodynamic-psychiatry-in-cl # 135 → Idealization                (conf 0.92)
[ 579/654] · psychodynamic-psychiatry-in-cl # 136 → Idealization                (conf 0.00)
[ 580/654] · psychodynamic-psychiatry-in-cl # 137 → Devaluation                 (conf 0.30)
[ 581/654] · psychodynamic-psychiatry-in-cl # 138 → Devaluation                 (conf 0.00)
[ 582/654] ✓ psychodynamic-psychiatry-in-cl # 139 → Devaluation                 (conf 0.92)
[ 583/654] ✓ psychodynamic-psychiatry-in-cl # 140 → Projective Identification   (conf 0.95)
[ 584/654] ✓ psychodynamic-psychiatry-in-cl # 141 → Devaluation                 (conf 0.95)
[ 585/654] ✓ psychodynamic-psychiatry-in-cl # 142 → Altruism                    (conf 0.85)
[ 586/654] ✓ psychodynamic-psychiatry-in-cl # 143 → Devaluation                 (conf 0.95)
[ 587/654] ✓ psychodynamic-psychiatry-in-cl # 144 → Projection                  (conf 0.88)
[ 588/654] ✓ psychodynamic-psychiatry-in-cl # 145 → Acting Out                  (conf 0.92)
[ 589/654] ✓ psychodynamic-psychiatry-in-cl # 146 → Acting Out                  (conf 0.95)
[ 590/654] ✓ psychodynamic-psychiatry-in-cl # 147 → Projective Identification   (conf 0.92)
[ 591/654] ✓ psychodynamic-psychiatry-in-cl # 148 → Acting Out                  (conf 0.92)
[ 592/654] ✓ psychodynamic-psychiatry-in-cl # 149 → Denial                      (conf 0.92)
[ 593/654] · psychodynamic-psychiatry-in-cl # 150 → Suppression                 (conf 0.00)
[ 594/654] · psychodynamic-psychiatry-in-cl # 151 → Anticipation                (conf 0.00)
[ 595/654] ✓ psychodynamic-psychiatry-in-cl # 152 → Splitting                   (conf 0.85)
[ 596/654] ✓ psychodynamic-psychiatry-in-cl # 153 → Dissociation                (conf 0.88)
[ 597/654] ✓ psychodynamic-psychiatry-in-cl # 154 → Dissociation                (conf 0.88)
[ 598/654] ✓ psychodynamic-psychiatry-in-cl # 155 → Repression                  (conf 0.85)
[ 599/654] ✓ psychodynamic-psychiatry-in-cl # 156 → Acting Out                  (conf 0.92)
[ 600/654] ✓ psychodynamic-psychiatry-in-cl # 157 → Acting Out                  (conf 0.92)
[ 601/654] ✓ psychodynamic-psychiatry-in-cl # 158 → Denial                      (conf 0.85)
[ 602/654] ✓ psychodynamic-psychiatry-in-cl # 159 → Displacement                (conf 0.85)
[ 603/654] ✓ psychodynamic-psychiatry-in-cl # 160 → Repression                  (conf 0.85)
[ 604/654] ✓ psychodynamic-psychiatry-in-cl # 161 → Reaction Formation          (conf 0.95)
[ 605/654] ✓ psychodynamic-psychiatry-in-cl # 162 → Projection                  (conf 0.85)
[ 606/654] ✓ psychodynamic-psychiatry-in-cl # 163 → Isolation of Affect         (conf 0.95)
[ 607/654] ✓ psychodynamic-psychiatry-in-cl # 164 → Reaction Formation          (conf 0.95)
[ 608/654] ✓ psychodynamic-psychiatry-in-cl # 165 → Self-Assertion              (conf 0.75)
[ 609/654] ✓ psychodynamic-psychiatry-in-cl # 166 → Idealization                (conf 0.95)
[ 610/654] · psychodynamic-psychiatry-in-cl # 167 → Altruism                    (conf 0.10)
[ 611/654] · psychodynamic-psychiatry-in-cl # 168 → Anticipation                (conf 0.00)
[ 612/654] · psychodynamic-psychiatry-in-cl # 169 → Splitting                   (conf 0.00)
[ 613/654] · psychodynamic-psychiatry-in-cl # 170 → Splitting                   (conf 0.00)
[ 614/654] · psychodynamic-psychiatry-in-cl # 171 → Projective Identification   (conf 0.00)
[ 615/654] · psychodynamic-psychiatry-in-cl # 172 → ?                           (conf 0.00)
[ 616/654] · psychodynamic-psychiatry-in-cl # 173 → Splitting                   (conf 0.00)
[ 617/654] · psychodynamic-psychiatry-in-cl # 174 → Acting Out                  (conf 0.00)
[ 618/654] · psychodynamic-psychiatry-in-cl # 175 → Humor                       (conf 0.00)
[ 619/654] · psychodynamic-psychiatry-in-cl # 176 → ?                           (conf 0.00)
[ 620/654] · psychodynamic-psychiatry-in-cl # 177 → Splitting                   (conf 0.00)
[ 621/654] · psychodynamic-psychiatry-in-cl # 178 → Splitting                   (conf 0.00)
[ 622/654] · psychodynamic-psychiatry-in-cl # 179 → Projection                  (conf 0.00)
[ 623/654] · psychodynamic-psychiatry-in-cl # 180 → Rationalization             (conf 0.00)
[ 624/654] · psychodynamic-psychiatry-in-cl # 181 → ?                           (conf 0.00)
[ 625/654] · psychodynamic-psychiatry-in-cl # 182 → ?                           (conf 0.00)
[ 626/654] · psychodynamic-psychiatry-in-cl # 183 → Undoing                     (conf 0.00)
[ 627/654] ✓ Cramer-Understanding-Defense-M #   0 → Denial                      (conf 0.85)
[ 628/654] · Cramer-Understanding-Defense-M #   1 → ?                           (conf 0.00)
[ 629/654] · Cramer-Understanding-Defense-M #   2 → Sublimation                 (conf 0.95)
[ 630/654] · Cramer-Understanding-Defense-M #   3 → Denial                      (conf 0.10)
[ 631/654] · Cramer-Understanding-Defense-M #   4 → Projection                  (conf 0.00)
[ 632/654] · Cramer-Understanding-Defense-M #   5 → Denial                      (conf 0.00)
[ 633/654] · Cramer-Understanding-Defense-M #   6 → ?                           (conf 0.00)
[ 634/654] · Cramer-Understanding-Defense-M #   7 → Denial                      (conf 0.30)
[ 635/654] · Cramer-Understanding-Defense-M #   8 → Denial                      (conf 0.00)
[ 636/654] · Cramer-Understanding-Defense-M #   9 → Intellectualization         (conf 0.00)
[ 637/654] · Cramer-Understanding-Defense-M #  10 → Denial                      (conf 0.30)
[ 638/654] · Cramer-Understanding-Defense-M #  11 → Denial                      (conf 0.30)
[ 639/654] · Cramer-Understanding-Defense-M #  12 → Denial                      (conf 0.30)
[ 640/654] · Cramer-Understanding-Defense-M #  13 → Denial                      (conf 0.00)
[ 641/654] · Cramer-Understanding-Defense-M #  14 → Suppression                 (conf 0.00)
[ 642/654] · Cramer-Understanding-Defense-M #  15 → ?                           (conf 0.00)
[ 643/654] ✓ Defenses in Everyday Life      #   0 → Denial                      (conf 0.85)
[ 644/654] ✓ Defenses in Everyday Life      #   1 → Denial                      (conf 0.85)
  FAIL Defenses in Everyday Life #2: Expecting ',' delimiter: line 5 column 306 (char 412)
[ 646/654] · Defenses in Everyday Life      #   3 → ?                           (conf 0.95)
[ 647/654] · Defenses in Everyday Life      #   4 → Denial                      (conf 0.00)
[ 648/654] · Defenses in Everyday Life      #   5 → ?                           (conf 0.00)
[ 649/654] · Defenses in Everyday Life      #   6 → ?                           (conf 0.00)
[ 650/654] · Psychotherapy Using_the_Defens #   0 → ?                           (conf 0.00)
[ 651/654] · Psychotherapy Using_the_Defens #   1 → Intellectualization         (conf 0.00)
[ 652/654] · Psychotherapy Using_the_Defens #   2 → Self-Observation            (conf 0.00)
[ 653/654] · Psychotherapy Using_the_Defens #   3 → ?                           (conf 0.00)
[ 654/654] · Psychotherapy Using_the_Defens #   4 → Repression                  (conf 0.00)

=== DONE === new:280 cost:$3.264 time:45.8m
tokens — in:289,137  cache_w:13,333  cache_r:3,719,907  out:82,068
saved: /Users/jayce/SP2026/Colloquium/Prototyping/twr/dataset/processed/lit_chunks_labeled.json
